16:41:20,725  INFO DefaultTestContextBootstrapper:259 - Loaded default TestExecutionListener class names from location [META-INF/spring.factories]: [org.springframework.test.context.web.ServletTestExecutionListener, org.springframework.test.context.support.DirtiesContextBeforeModesTestExecutionListener, org.springframework.test.context.support.DependencyInjectionTestExecutionListener, org.springframework.test.context.support.DirtiesContextTestExecutionListener, org.springframework.test.context.transaction.TransactionalTestExecutionListener, org.springframework.test.context.jdbc.SqlScriptsTestExecutionListener]
16:41:20,755  INFO DefaultTestContextBootstrapper:185 - Using TestExecutionListeners: [org.springframework.test.context.web.ServletTestExecutionListener@397ed7, org.springframework.test.context.support.DirtiesContextBeforeModesTestExecutionListener@10ab905, org.springframework.test.context.support.DependencyInjectionTestExecutionListener@ac3a89, org.springframework.test.context.support.DirtiesContextTestExecutionListener@1c20538, org.springframework.test.context.transaction.TransactionalTestExecutionListener@d818d1, org.springframework.test.context.jdbc.SqlScriptsTestExecutionListener@6451e]
16:43:56,328  INFO DefaultTestContextBootstrapper:259 - Loaded default TestExecutionListener class names from location [META-INF/spring.factories]: [org.springframework.test.context.web.ServletTestExecutionListener, org.springframework.test.context.support.DirtiesContextBeforeModesTestExecutionListener, org.springframework.test.context.support.DependencyInjectionTestExecutionListener, org.springframework.test.context.support.DirtiesContextTestExecutionListener, org.springframework.test.context.transaction.TransactionalTestExecutionListener, org.springframework.test.context.jdbc.SqlScriptsTestExecutionListener]
16:43:56,350  INFO DefaultTestContextBootstrapper:185 - Using TestExecutionListeners: [org.springframework.test.context.web.ServletTestExecutionListener@1928643, org.springframework.test.context.support.DirtiesContextBeforeModesTestExecutionListener@25a98f, org.springframework.test.context.support.DependencyInjectionTestExecutionListener@1993335, org.springframework.test.context.support.DirtiesContextTestExecutionListener@322d26, org.springframework.test.context.transaction.TransactionalTestExecutionListener@12b07fd, org.springframework.test.context.jdbc.SqlScriptsTestExecutionListener@bfbc86]
16:43:56,732  INFO XmlBeanDefinitionReader:317 - Loading XML bean definitions from class path resource [applicationContext.xml]
16:43:57,062  INFO GenericApplicationContext:578 - Refreshing org.springframework.context.support.GenericApplicationContext@709393: startup date [Mon Mar 12 16:43:57 CST 2018]; root of context hierarchy
16:43:57,158  INFO AutowiredAnnotationBeanPostProcessor:153 - JSR-330 'javax.inject.Inject' annotation found and supported for autowiring
16:43:57,239  INFO MLog:80 - MLog clients using log4j logging.
16:43:57,451  INFO C3P0Registry:204 - Initializing c3p0-0.9.1.2 [built 21-May-2007 15:04:56; debug? true; trace: 10]
16:43:57,601  INFO LocalContainerEntityManagerFactoryBean:339 - Building JPA container EntityManagerFactory for persistence unit 'default'
16:43:57,602  WARN HibernatePersistence:41 - HHH015016: Encountered a deprecated javax.persistence.spi.PersistenceProvider [org.hibernate.ejb.HibernatePersistence]; use [org.hibernate.jpa.HibernatePersistenceProvider] instead.
16:43:57,611  INFO LogHelper:31 - HHH000204: Processing PersistenceUnitInfo [
	name: default
	...]
16:43:57,743  INFO Version:37 - HHH000412: Hibernate Core {5.0.7.Final}
16:43:57,745  INFO Environment:213 - HHH000206: hibernate.properties not found
16:43:57,747  INFO Environment:317 - HHH000021: Bytecode provider name : javassist
16:43:57,809  INFO Version:66 - HCANN000001: Hibernate Commons Annotations {5.0.1.Final}
16:43:57,998  INFO AbstractPoolBackedDataSource:462 - Initializing c3p0 pool... com.mchange.v2.c3p0.ComboPooledDataSource [ acquireIncrement -> 3, acquireRetryAttempts -> 30, acquireRetryDelay -> 1000, autoCommitOnClose -> false, automaticTestTable -> null, breakAfterAcquireFailure -> false, checkoutTimeout -> 0, connectionCustomizerClassName -> null, connectionTesterClassName -> com.mchange.v2.c3p0.impl.DefaultConnectionTester, dataSourceName -> 31srxe9u71iokakea5ll|16d64f, debugUnreturnedConnectionStackTraces -> false, description -> null, driverClass -> oracle.jdbc.driver.OracleDriver, factoryClassLocation -> null, forceIgnoreUnresolvedTransactions -> false, identityToken -> 31srxe9u71iokakea5ll|16d64f, idleConnectionTestPeriod -> 0, initialPoolSize -> 3, jdbcUrl -> jdbc:oracle:thin:@192.168.137.100:1521:ORCL, maxAdministrativeTaskTime -> 0, maxConnectionAge -> 0, maxIdleTime -> 0, maxIdleTimeExcessConnections -> 0, maxPoolSize -> 15, maxStatements -> 0, maxStatementsPerConnection -> 0, minPoolSize -> 3, numHelperThreads -> 3, numThreadsAwaitingCheckoutDefaultUser -> 0, preferredTestQuery -> null, properties -> {user=******, password=******}, propertyCycle -> 0, testConnectionOnCheckin -> false, testConnectionOnCheckout -> false, unreturnedConnectionTimeout -> 0, usesTraditionalReflectiveProxies -> false ]
16:43:58,197  INFO Dialect:156 - HHH000400: Using dialect: org.hibernate.dialect.Oracle10gDialect
16:43:58,303  INFO LobCreatorBuilderImpl:124 - HHH000424: Disabling contextual LOB creation as createClob() method threw error : java.lang.reflect.InvocationTargetException
16:43:58,934  INFO SchemaUpdate:105 - HHH000228: Running hbm2ddl schema update
16:44:02,338  INFO GenericApplicationContext:960 - Closing org.springframework.context.support.GenericApplicationContext@709393: startup date [Mon Mar 12 16:43:57 CST 2018]; root of context hierarchy
16:44:02,340  INFO LocalContainerEntityManagerFactoryBean:462 - Closing JPA EntityManagerFactory for persistence unit 'default'
16:45:25,771  INFO DefaultTestContextBootstrapper:259 - Loaded default TestExecutionListener class names from location [META-INF/spring.factories]: [org.springframework.test.context.web.ServletTestExecutionListener, org.springframework.test.context.support.DirtiesContextBeforeModesTestExecutionListener, org.springframework.test.context.support.DependencyInjectionTestExecutionListener, org.springframework.test.context.support.DirtiesContextTestExecutionListener, org.springframework.test.context.transaction.TransactionalTestExecutionListener, org.springframework.test.context.jdbc.SqlScriptsTestExecutionListener]
16:45:25,791  INFO DefaultTestContextBootstrapper:185 - Using TestExecutionListeners: [org.springframework.test.context.web.ServletTestExecutionListener@1928643, org.springframework.test.context.support.DirtiesContextBeforeModesTestExecutionListener@25a98f, org.springframework.test.context.support.DependencyInjectionTestExecutionListener@1993335, org.springframework.test.context.support.DirtiesContextTestExecutionListener@322d26, org.springframework.test.context.transaction.TransactionalTestExecutionListener@12b07fd, org.springframework.test.context.jdbc.SqlScriptsTestExecutionListener@bfbc86]
16:45:26,166  INFO XmlBeanDefinitionReader:317 - Loading XML bean definitions from class path resource [applicationContext.xml]
16:45:26,485  INFO GenericApplicationContext:578 - Refreshing org.springframework.context.support.GenericApplicationContext@709393: startup date [Mon Mar 12 16:45:26 CST 2018]; root of context hierarchy
16:45:26,567  INFO AutowiredAnnotationBeanPostProcessor:153 - JSR-330 'javax.inject.Inject' annotation found and supported for autowiring
16:45:26,648  INFO MLog:80 - MLog clients using log4j logging.
16:45:26,848  INFO C3P0Registry:204 - Initializing c3p0-0.9.1.2 [built 21-May-2007 15:04:56; debug? true; trace: 10]
16:45:26,987  INFO LocalContainerEntityManagerFactoryBean:339 - Building JPA container EntityManagerFactory for persistence unit 'default'
16:45:26,987  WARN HibernatePersistence:41 - HHH015016: Encountered a deprecated javax.persistence.spi.PersistenceProvider [org.hibernate.ejb.HibernatePersistence]; use [org.hibernate.jpa.HibernatePersistenceProvider] instead.
16:45:26,996  INFO LogHelper:31 - HHH000204: Processing PersistenceUnitInfo [
	name: default
	...]
16:45:27,087  INFO Version:37 - HHH000412: Hibernate Core {5.0.7.Final}
16:45:27,089  INFO Environment:213 - HHH000206: hibernate.properties not found
16:45:27,091  INFO Environment:317 - HHH000021: Bytecode provider name : javassist
16:45:27,144  INFO Version:66 - HCANN000001: Hibernate Commons Annotations {5.0.1.Final}
16:45:27,314  INFO AbstractPoolBackedDataSource:462 - Initializing c3p0 pool... com.mchange.v2.c3p0.ComboPooledDataSource [ acquireIncrement -> 3, acquireRetryAttempts -> 30, acquireRetryDelay -> 1000, autoCommitOnClose -> false, automaticTestTable -> null, breakAfterAcquireFailure -> false, checkoutTimeout -> 0, connectionCustomizerClassName -> null, connectionTesterClassName -> com.mchange.v2.c3p0.impl.DefaultConnectionTester, dataSourceName -> 31srxe9u71kljs15hm4o0|16d64f, debugUnreturnedConnectionStackTraces -> false, description -> null, driverClass -> oracle.jdbc.driver.OracleDriver, factoryClassLocation -> null, forceIgnoreUnresolvedTransactions -> false, identityToken -> 31srxe9u71kljs15hm4o0|16d64f, idleConnectionTestPeriod -> 0, initialPoolSize -> 3, jdbcUrl -> jdbc:oracle:thin:@192.168.137.100:1521:ORCL, maxAdministrativeTaskTime -> 0, maxConnectionAge -> 0, maxIdleTime -> 0, maxIdleTimeExcessConnections -> 0, maxPoolSize -> 15, maxStatements -> 0, maxStatementsPerConnection -> 0, minPoolSize -> 3, numHelperThreads -> 3, numThreadsAwaitingCheckoutDefaultUser -> 0, preferredTestQuery -> null, properties -> {user=******, password=******}, propertyCycle -> 0, testConnectionOnCheckin -> false, testConnectionOnCheckout -> false, unreturnedConnectionTimeout -> 0, usesTraditionalReflectiveProxies -> false ]
16:45:27,505  INFO Dialect:156 - HHH000400: Using dialect: org.hibernate.dialect.Oracle10gDialect
16:45:27,621  INFO LobCreatorBuilderImpl:124 - HHH000424: Disabling contextual LOB creation as createClob() method threw error : java.lang.reflect.InvocationTargetException
16:45:28,180  INFO SchemaUpdate:105 - HHH000228: Running hbm2ddl schema update
16:45:29,538  INFO GenericApplicationContext:960 - Closing org.springframework.context.support.GenericApplicationContext@709393: startup date [Mon Mar 12 16:45:26 CST 2018]; root of context hierarchy
16:45:29,539  INFO LocalContainerEntityManagerFactoryBean:462 - Closing JPA EntityManagerFactory for persistence unit 'default'
